# JRE version: OpenJDK Runtime Environment GraalVM CE 22.3.1 (11.0.18+10) (build 11.0.18+10-jvmci-22.3-b13)
# Java VM: OpenJDK 64-Bit Server VM GraalVM CE 22.3.1 (11.0.18+10-jvmci-22.3-b13, mixed mode, sharing, tiered, jvmci, jvmci compiler, compressed oops, g1 gc, windows-amd64)
Heap:
 garbage-first heap   total 519168K, used 163597K [0x0000000702600000, 0x0000000800000000)
  region size 1024K, 11 young (11264K), 11 survivors (11264K)
 Metaspace       used 26367K, capacity 27400K, committed 27776K, reserved 1075200K
  class space    used 2521K, capacity 2895K, committed 2944K, reserved 1048576K
GC Heap History (20 events):
Event: 1.975 GC heap after
{Heap after GC invocations=3 (full 0):
 garbage-first heap   total 260096K, used 35816K [0x0000000702600000, 0x0000000800000000)
  region size 1024K, 15 young (15360K), 15 survivors (15360K)
 Metaspace       used 17885K, capacity 18505K, committed 18688K, reserved 1067008K
  class space    used 1767K, capacity 2023K, committed 2048K, reserved 1048576K
}
Event: 2.189 GC heap before
{Heap before GC invocations=3 (full 0):
 garbage-first heap   total 260096K, used 122856K [0x0000000702600000, 0x0000000800000000)
  region size 1024K, 100 young (102400K), 15 survivors (15360K)
 Metaspace       used 18127K, capacity 18704K, committed 18944K, reserved 1067008K
  class space    used 1769K, capacity 2025K, committed 2048K, reserved 1048576K
}
Event: 2.199 GC heap after
{Heap after GC invocations=4 (full 0):
 garbage-first heap   total 260096K, used 50639K [0x0000000702600000, 0x0000000800000000)
  region size 1024K, 13 young (13312K), 13 survivors (13312K)
 Metaspace       used 18127K, capacity 18704K, committed 18944K, reserved 1067008K
  class space    used 1769K, capacity 2025K, committed 2048K, reserved 1048576K
}
Event: 2.626 GC heap before
{Heap before GC invocations=4 (full 0):
 garbage-first heap   total 260096K, used 113103K [0x0000000702600000, 0x0000000800000000)
  region size 1024K, 75 young (76800K), 13 survivors (13312K)
 Metaspace       used 20526K, capacity 21179K, committed 21248K, reserved 1069056K
  class space    used 2010K, capacity 2283K, committed 2304K, reserved 1048576K
}
Event: 2.636 GC heap after
{Heap after GC invocations=5 (full 0):
 garbage-first heap   total 312320K, used 59819K [0x0000000702600000, 0x0000000800000000)
  region size 1024K, 9 young (9216K), 9 survivors (9216K)
 Metaspace       used 20526K, capacity 21179K, committed 21248K, reserved 1069056K
  class space    used 2010K, capacity 2283K, committed 2304K, reserved 1048576K
}
Event: 2.926 GC heap before
{Heap before GC invocations=6 (full 0):
 garbage-first heap   total 312320K, used 181675K [0x0000000702600000, 0x0000000800000000)
  region size 1024K, 128 young (131072K), 9 survivors (9216K)
 Metaspace       used 21276K, capacity 21972K, committed 22144K, reserved 1069056K
  class space    used 2088K, capacity 2379K, committed 2432K, reserved 1048576K
}
Event: 2.937 GC heap after
{Heap after GC invocations=7 (full 0):
 garbage-first heap   total 312320K, used 83327K [0x0000000702600000, 0x0000000800000000)
  region size 1024K, 16 young (16384K), 16 survivors (16384K)
 Metaspace       used 21276K, capacity 21972K, committed 22144K, reserved 1069056K
  class space    used 2088K, capacity 2379K, committed 2432K, reserved 1048576K
}
Event: 3.183 GC heap before
{Heap before GC invocations=7 (full 0):
 garbage-first heap   total 312320K, used 149887K [0x0000000702600000, 0x0000000800000000)
  region size 1024K, 81 young (82944K), 16 survivors (16384K)
 Metaspace       used 21883K, capacity 22677K, committed 22784K, reserved 1069056K
  class space    used 2153K, capacity 2490K, committed 2560K, reserved 1048576K
}
Event: 3.194 GC heap after
{Heap after GC invocations=8 (full 0):
 garbage-first heap   total 312320K, used 95699K [0x0000000702600000, 0x0000000800000000)
  region size 1024K, 11 young (11264K), 11 survivors (11264K)
 Metaspace       used 21883K, capacity 22677K, committed 22784K, reserved 1069056K
  class space    used 2153K, capacity 2490K, committed 2560K, reserved 1048576K
}
Event: 3.915 GC heap before
{Heap before GC invocations=8 (full 0):
 garbage-first heap   total 312320K, used 202195K [0x0000000702600000, 0x0000000800000000)
  region size 1024K, 108 young (110592K), 11 survivors (11264K)
 Metaspace       used 22360K, capacity 23145K, committed 23296K, reserved 1071104K
  class space    used 2163K, capacity 2496K, committed 2560K, reserved 1048576K
}
Event: 3.923 GC heap after
{Heap after GC invocations=9 (full 0):
 garbage-first heap   total 312320K, used 123852K [0x0000000702600000, 0x0000000800000000)
  region size 1024K, 14 young (14336K), 14 survivors (14336K)
 Metaspace       used 22360K, capacity 23145K, committed 23296K, reserved 1071104K
  class space    used 2163K, capacity 2496K, committed 2560K, reserved 1048576K
}
Event: 4.052 GC heap before
{Heap before GC invocations=9 (full 0):
 garbage-first heap   total 312320K, used 213964K [0x0000000702600000, 0x0000000800000000)
  region size 1024K, 102 young (104448K), 14 survivors (14336K)
 Metaspace       used 22381K, capacity 23147K, committed 23296K, reserved 1071104K
  class space    used 2163K, capacity 2496K, committed 2560K, reserved 1048576K
}
Event: 4.064 GC heap after
{Heap after GC invocations=10 (full 0):
 garbage-first heap   total 374784K, used 145205K [0x0000000702600000, 0x0000000800000000)
  region size 1024K, 13 young (13312K), 13 survivors (13312K)
 Metaspace       used 22381K, capacity 23147K, committed 23296K, reserved 1071104K
  class space    used 2163K, capacity 2496K, committed 2560K, reserved 1048576K
}
Event: 4.646 GC heap before
{Heap before GC invocations=10 (full 0):
 garbage-first heap   total 374784K, used 253749K [0x0000000702600000, 0x0000000800000000)
  region size 1024K, 116 young (118784K), 13 survivors (13312K)
 Metaspace       used 23084K, capacity 23820K, committed 24192K, reserved 1071104K
  class space    used 2228K, capacity 2570K, committed 2688K, reserved 1048576K
}
Event: 4.658 GC heap after
{Heap after GC invocations=11 (full 0):
 garbage-first heap   total 374784K, used 178176K [0x0000000702600000, 0x0000000800000000)
  region size 1024K, 15 young (15360K), 15 survivors (15360K)
 Metaspace       used 23084K, capacity 23820K, committed 24192K, reserved 1071104K
  class space    used 2228K, capacity 2570K, committed 2688K, reserved 1048576K
}
Event: 5.100 GC heap before
{Heap before GC invocations=11 (full 0):
 garbage-first heap   total 374784K, used 269312K [0x0000000702600000, 0x0000000800000000)
  region size 1024K, 102 young (104448K), 15 survivors (15360K)
 Metaspace       used 26412K, capacity 27448K, committed 27520K, reserved 1073152K
  class space    used 2530K, capacity 2933K, committed 2944K, reserved 1048576K
}
Event: 5.110 GC heap after
{Heap after GC invocations=12 (full 0):
 garbage-first heap   total 374784K, used 195584K [0x0000000702600000, 0x0000000800000000)
  region size 1024K, 13 young (13312K), 13 survivors (13312K)
 Metaspace       used 26412K, capacity 27448K, committed 27520K, reserved 1073152K
  class space    used 2530K, capacity 2933K, committed 2944K, reserved 1048576K
}
Event: 5.251 GC heap before
{Heap before GC invocations=12 (full 0):
 garbage-first heap   total 374784K, used 278528K [0x0000000702600000, 0x0000000800000000)
  region size 1024K, 94 young (96256K), 13 survivors (13312K)
 Metaspace       used 26446K, capacity 27512K, committed 27776K, reserved 1075200K
  class space    used 2530K, capacity 2933K, committed 2944K, reserved 1048576K
}
Event: 5.289 GC heap after
{Heap after GC invocations=13 (full 0):
 garbage-first heap   total 374784K, used 211378K [0x0000000702600000, 0x0000000800000000)
  region size 1024K, 12 young (12288K), 12 survivors (12288K)
 Metaspace       used 26446K, capacity 27512K, committed 27776K, reserved 1075200K
  class space    used 2530K, capacity 2933K, committed 2944K, reserved 1048576K
}
Event: 5.441 GC heap before
{Heap before GC invocations=14 (full 0):
 garbage-first heap   total 374784K, used 222642K [0x0000000702600000, 0x0000000800000000)
  region size 1024K, 86 young (88064K), 12 survivors (12288K)
 Metaspace       used 26367K, capacity 27400K, committed 27776K, reserved 1075200K
  class space    used 2521K, capacity 2895K, committed 2944K, reserved 1048576K
}

