# JRE version: OpenJDK Runtime Environment (18.0.2.1+1) (build 18.0.2.1+1-1)
# Java VM: OpenJDK 64-Bit Server VM (18.0.2.1+1-1, mixed mode, sharing, tiered, compressed oops, compressed class ptrs, g1 gc, windows-amd64)
GC Precious Log:
 CardTable entry size: 512
 Card Set container configuration: InlinePtr #cards 4 size 8 Array Of Cards #cards 16 size 48 Howl #buckets 8 coarsen threshold 3686 Howl Bitmap #cards 512 size 80 coarsen threshold 460 Card regions per heap region 1 cards per card region 4096
 CPUs: 12 total, 12 available
 Memory: 16225M
 Large Page Support: Disabled
 NUMA Support: Disabled
 Compressed Oops: Enabled (Zero based)
 Heap Region Size: 2M
 Heap Min Capacity: 512M
 Heap Initial Capacity: 512M
 Heap Max Capacity: 4058M
 Pre-touch: Disabled
 Parallel Workers: 10
 Concurrent Workers: 3
 Concurrent Refinement Workers: 10
 Periodic GC: Disabled
Heap:
 garbage-first heap   total 524288K, used 356204K [0x0000000702600000, 0x0000000800000000)
  region size 2048K, 58 young (118784K), 11 survivors (22528K)
 Metaspace       used 32132K, committed 32704K, reserved 1114112K
  class space    used 3463K, committed 3712K, reserved 1048576K
GC Heap History (20 events):
Event: 0.882 GC heap before
{Heap before GC invocations=1 (full 0):
 garbage-first heap   total 524288K, used 36790K [0x0000000702600000, 0x0000000800000000)
  region size 2048K, 18 young (36864K), 2 survivors (4096K)
 Metaspace       used 10998K, committed 11264K, reserved 1114112K
  class space    used 1320K, committed 1472K, reserved 1048576K
}
Event: 0.885 GC heap after
{Heap after GC invocations=2 (full 0):
 garbage-first heap   total 524288K, used 6319K [0x0000000702600000, 0x0000000800000000)
  region size 2048K, 2 young (4096K), 2 survivors (4096K)
 Metaspace       used 10998K, committed 11264K, reserved 1114112K
  class space    used 1320K, committed 1472K, reserved 1048576K
}
Event: 2.826 GC heap before
{Heap before GC invocations=2 (full 0):
 garbage-first heap   total 524288K, used 313519K [0x0000000702600000, 0x0000000800000000)
  region size 2048K, 153 young (313344K), 2 survivors (4096K)
 Metaspace       used 16357K, committed 16768K, reserved 1114112K
  class space    used 1717K, committed 1920K, reserved 1048576K
}
Event: 2.840 GC heap after
{Heap after GC invocations=3 (full 0):
 garbage-first heap   total 524288K, used 52301K [0x0000000702600000, 0x0000000800000000)
  region size 2048K, 20 young (40960K), 20 survivors (40960K)
 Metaspace       used 16357K, committed 16768K, reserved 1114112K
  class space    used 1717K, committed 1920K, reserved 1048576K
}
Event: 3.166 GC heap before
{Heap before GC invocations=3 (full 0):
 garbage-first heap   total 524288K, used 87117K [0x0000000702600000, 0x0000000800000000)
  region size 2048K, 37 young (75776K), 20 survivors (40960K)
 Metaspace       used 16666K, committed 17088K, reserved 1114112K
  class space    used 1753K, committed 1984K, reserved 1048576K
}
Event: 3.177 GC heap after
{Heap after GC invocations=4 (full 0):
 garbage-first heap   total 524288K, used 59513K [0x0000000702600000, 0x0000000800000000)
  region size 2048K, 4 young (8192K), 4 survivors (8192K)
 Metaspace       used 16666K, committed 17088K, reserved 1114112K
  class space    used 1753K, committed 1984K, reserved 1048576K
}
Event: 6.217 GC heap before
{Heap before GC invocations=4 (full 0):
 garbage-first heap   total 524288K, used 174201K [0x0000000702600000, 0x0000000800000000)
  region size 2048K, 57 young (116736K), 4 survivors (8192K)
 Metaspace       used 18392K, committed 18752K, reserved 1114112K
  class space    used 1909K, committed 2112K, reserved 1048576K
}
Event: 6.223 GC heap after
{Heap after GC invocations=5 (full 0):
 garbage-first heap   total 524288K, used 83749K [0x0000000702600000, 0x0000000800000000)
  region size 2048K, 8 young (16384K), 8 survivors (16384K)
 Metaspace       used 18392K, committed 18752K, reserved 1114112K
  class space    used 1909K, committed 2112K, reserved 1048576K
}
Event: 7.558 GC heap before
{Heap before GC invocations=5 (full 0):
 garbage-first heap   total 524288K, used 245541K [0x0000000702600000, 0x0000000800000000)
  region size 2048K, 87 young (178176K), 8 survivors (16384K)
 Metaspace       used 18766K, committed 19136K, reserved 1114112K
  class space    used 1948K, committed 2112K, reserved 1048576K
}
Event: 7.569 GC heap after
{Heap after GC invocations=6 (full 0):
 garbage-first heap   total 524288K, used 108544K [0x0000000702600000, 0x0000000800000000)
  region size 2048K, 11 young (22528K), 11 survivors (22528K)
 Metaspace       used 18766K, committed 19136K, reserved 1114112K
  class space    used 1948K, committed 2112K, reserved 1048576K
}
Event: 11.576 GC heap before
{Heap before GC invocations=6 (full 0):
 garbage-first heap   total 524288K, used 192512K [0x0000000702600000, 0x0000000800000000)
  region size 2048K, 52 young (106496K), 11 survivors (22528K)
 Metaspace       used 21048K, committed 21504K, reserved 1114112K
  class space    used 2198K, committed 2432K, reserved 1048576K
}
Event: 11.590 GC heap after
{Heap after GC invocations=7 (full 0):
 garbage-first heap   total 524288K, used 136341K [0x0000000702600000, 0x0000000800000000)
  region size 2048K, 12 young (24576K), 12 survivors (24576K)
 Metaspace       used 21048K, committed 21504K, reserved 1114112K
  class space    used 2198K, committed 2432K, reserved 1048576K
}
Event: 12.501 GC heap before
{Heap before GC invocations=8 (full 0):
 garbage-first heap   total 524288K, used 285845K [0x0000000702600000, 0x0000000800000000)
  region size 2048K, 84 young (172032K), 12 survivors (24576K)
 Metaspace       used 29028K, committed 29568K, reserved 1114112K
  class space    used 3156K, committed 3392K, reserved 1048576K
}
Event: 12.513 GC heap after
{Heap after GC invocations=9 (full 0):
 garbage-first heap   total 524288K, used 160464K [0x0000000702600000, 0x0000000800000000)
  region size 2048K, 11 young (22528K), 11 survivors (22528K)
 Metaspace       used 29028K, committed 29568K, reserved 1114112K
  class space    used 3156K, committed 3392K, reserved 1048576K
}
Event: 12.973 GC heap before
{Heap before GC invocations=9 (full 0):
 garbage-first heap   total 524288K, used 338640K [0x0000000702600000, 0x0000000800000000)
  region size 2048K, 97 young (198656K), 11 survivors (22528K)
 Metaspace       used 29067K, committed 29568K, reserved 1114112K
  class space    used 3157K, committed 3392K, reserved 1048576K
}
Event: 12.985 GC heap after
{Heap after GC invocations=10 (full 0):
 garbage-first heap   total 524288K, used 183034K [0x0000000702600000, 0x0000000800000000)
  region size 2048K, 13 young (26624K), 13 survivors (26624K)
 Metaspace       used 29067K, committed 29568K, reserved 1114112K
  class space    used 3157K, committed 3392K, reserved 1048576K
}
Event: 13.310 GC heap before
{Heap before GC invocations=10 (full 0):
 garbage-first heap   total 524288K, used 355066K [0x0000000702600000, 0x0000000800000000)
  region size 2048K, 96 young (196608K), 13 survivors (26624K)
 Metaspace       used 29096K, committed 29632K, reserved 1114112K
  class space    used 3157K, committed 3392K, reserved 1048576K
}
Event: 13.323 GC heap after
{Heap after GC invocations=11 (full 0):
 garbage-first heap   total 524288K, used 223579K [0x0000000702600000, 0x0000000800000000)
  region size 2048K, 12 young (24576K), 12 survivors (24576K)
 Metaspace       used 29096K, committed 29632K, reserved 1114112K
  class space    used 3157K, committed 3392K, reserved 1048576K
}
Event: 13.958 GC heap before
{Heap before GC invocations=11 (full 0):
 garbage-first heap   total 524288K, used 377179K [0x0000000702600000, 0x0000000800000000)
  region size 2048K, 83 young (169984K), 12 survivors (24576K)
 Metaspace       used 29326K, committed 29888K, reserved 1114112K
  class space    used 3166K, committed 3392K, reserved 1048576K
}
Event: 13.968 GC heap after
{Heap after GC invocations=12 (full 0):
 garbage-first heap   total 524288K, used 261996K [0x0000000702600000, 0x0000000800000000)
  region size 2048K, 11 young (22528K), 11 survivors (22528K)
 Metaspace       used 29326K, committed 29888K, reserved 1114112K
  class space    used 3166K, committed 3392K, reserved 1048576K
}

