# JRE version: OpenJDK Runtime Environment (18.0.2.1+1) (build 18.0.2.1+1-1)
# Java VM: OpenJDK 64-Bit Server VM (18.0.2.1+1-1, mixed mode, emulated-client, sharing, tiered, compressed oops, compressed class ptrs, g1 gc, windows-amd64)
GC Precious Log:
 CardTable entry size: 512
 Card Set container configuration: InlinePtr #cards 4 size 8 Array Of Cards #cards 16 size 48 Howl #buckets 8 coarsen threshold 3686 Howl Bitmap #cards 512 size 80 coarsen threshold 460 Card regions per heap region 1 cards per card region 4096
 CPUs: 12 total, 12 available
 Memory: 16225M
 Large Page Support: Disabled
 NUMA Support: Disabled
 Compressed Oops: Enabled (Zero based)
 Heap Region Size: 2M
 Heap Min Capacity: 8M
 Heap Initial Capacity: 254M
 Heap Max Capacity: 4058M
 Pre-touch: Disabled
 Parallel Workers: 10
 Concurrent Workers: 3
 Concurrent Refinement Workers: 10
 Periodic GC: Disabled
Heap:
 garbage-first heap   total 356352K, used 63557K [0x0000000702600000, 0x0000000800000000)
  region size 2048K, 1 young (2048K), 1 survivors (2048K)
 Metaspace       used 35982K, committed 37440K, reserved 1114112K
  class space    used 5220K, committed 6016K, reserved 1048576K
GC Heap History (19 events):
Event: 0.348 GC heap before
{Heap before GC invocations=0 (full 0):
 garbage-first heap   total 260096K, used 22528K [0x0000000702600000, 0x0000000800000000)
  region size 2048K, 11 young (22528K), 0 survivors (0K)
 Metaspace       used 3234K, committed 3520K, reserved 1114112K
  class space    used 374K, committed 512K, reserved 1048576K
}
Event: 0.352 GC heap after
{Heap after GC invocations=1 (full 0):
 garbage-first heap   total 260096K, used 10906K [0x0000000702600000, 0x0000000800000000)
  region size 2048K, 2 young (4096K), 2 survivors (4096K)
 Metaspace       used 3234K, committed 3520K, reserved 1114112K
  class space    used 374K, committed 512K, reserved 1048576K
}
Event: 0.461 GC heap before
{Heap before GC invocations=1 (full 0):
 garbage-first heap   total 260096K, used 31386K [0x0000000702600000, 0x0000000800000000)
  region size 2048K, 11 young (22528K), 2 survivors (4096K)
 Metaspace       used 3455K, committed 3712K, reserved 1114112K
  class space    used 417K, committed 512K, reserved 1048576K
}
Event: 0.467 GC heap after
{Heap after GC invocations=2 (full 0):
 garbage-first heap   total 260096K, used 23659K [0x0000000702600000, 0x0000000800000000)
  region size 2048K, 2 young (4096K), 2 survivors (4096K)
 Metaspace       used 3455K, committed 3712K, reserved 1114112K
  class space    used 417K, committed 512K, reserved 1048576K
}
Event: 0.552 GC heap before
{Heap before GC invocations=2 (full 0):
 garbage-first heap   total 260096K, used 50283K [0x0000000702600000, 0x0000000800000000)
  region size 2048K, 15 young (30720K), 2 survivors (4096K)
 Metaspace       used 3456K, committed 3712K, reserved 1114112K
  class space    used 417K, committed 512K, reserved 1048576K
}
Event: 0.557 GC heap after
{Heap after GC invocations=3 (full 0):
 garbage-first heap   total 260096K, used 30720K [0x0000000702600000, 0x0000000800000000)
  region size 2048K, 2 young (4096K), 2 survivors (4096K)
 Metaspace       used 3456K, committed 3712K, reserved 1114112K
  class space    used 417K, committed 512K, reserved 1048576K
}
Event: 0.892 GC heap before
{Heap before GC invocations=3 (full 0):
 garbage-first heap   total 260096K, used 86016K [0x0000000702600000, 0x0000000800000000)
  region size 2048K, 29 young (59392K), 2 survivors (4096K)
 Metaspace       used 7536K, committed 7872K, reserved 1114112K
  class space    used 971K, committed 1088K, reserved 1048576K
}
Event: 0.902 GC heap after
{Heap after GC invocations=4 (full 0):
 garbage-first heap   total 260096K, used 45056K [0x0000000702600000, 0x0000000800000000)
  region size 2048K, 4 young (8192K), 4 survivors (8192K)
 Metaspace       used 7536K, committed 7872K, reserved 1114112K
  class space    used 971K, committed 1088K, reserved 1048576K
}
Event: 1.218 GC heap before
{Heap before GC invocations=4 (full 0):
 garbage-first heap   total 260096K, used 86016K [0x0000000702600000, 0x0000000800000000)
  region size 2048K, 24 young (49152K), 4 survivors (8192K)
 Metaspace       used 12382K, committed 12800K, reserved 1114112K
  class space    used 1631K, committed 1856K, reserved 1048576K
}
Event: 1.241 GC heap after
{Heap after GC invocations=5 (full 0):
 garbage-first heap   total 356352K, used 50471K [0x0000000702600000, 0x0000000800000000)
  region size 2048K, 3 young (6144K), 3 survivors (6144K)
 Metaspace       used 12382K, committed 12800K, reserved 1114112K
  class space    used 1631K, committed 1856K, reserved 1048576K
}
Event: 1.510 GC heap before
{Heap before GC invocations=5 (full 0):
 garbage-first heap   total 356352K, used 140583K [0x0000000702600000, 0x0000000800000000)
  region size 2048K, 48 young (98304K), 3 survivors (6144K)
 Metaspace       used 19714K, committed 20608K, reserved 1114112K
  class space    used 2741K, committed 3200K, reserved 1048576K
}
Event: 1.516 GC heap after
{Heap after GC invocations=6 (full 0):
 garbage-first heap   total 356352K, used 57383K [0x0000000702600000, 0x0000000800000000)
  region size 2048K, 6 young (12288K), 6 survivors (12288K)
 Metaspace       used 19714K, committed 20608K, reserved 1114112K
  class space    used 2741K, committed 3200K, reserved 1048576K
}
Event: 1.536 GC heap before
{Heap before GC invocations=6 (full 0):
 garbage-first heap   total 356352K, used 73767K [0x0000000702600000, 0x0000000800000000)
  region size 2048K, 15 young (30720K), 6 survivors (12288K)
 Metaspace       used 20529K, committed 21568K, reserved 1114112K
  class space    used 2861K, committed 3392K, reserved 1048576K
}
Event: 1.540 GC heap after
{Heap after GC invocations=7 (full 0):
 garbage-first heap   total 356352K, used 57919K [0x0000000702600000, 0x0000000800000000)
  region size 2048K, 6 young (12288K), 6 survivors (12288K)
 Metaspace       used 20529K, committed 21568K, reserved 1114112K
  class space    used 2861K, committed 3392K, reserved 1048576K
}
Event: 2.147 GC heap before
{Heap before GC invocations=8 (full 0):
 garbage-first heap   total 225280K, used 207423K [0x0000000702600000, 0x0000000800000000)
  region size 2048K, 81 young (165888K), 6 survivors (12288K)
 Metaspace       used 35636K, committed 37120K, reserved 1114112K
  class space    used 5163K, committed 5952K, reserved 1048576K
}
Event: 2.154 GC heap after
{Heap after GC invocations=9 (full 0):
 garbage-first heap   total 233472K, used 65042K [0x0000000702600000, 0x0000000800000000)
  region size 2048K, 10 young (20480K), 10 survivors (20480K)
 Metaspace       used 35636K, committed 37120K, reserved 1114112K
  class space    used 5163K, committed 5952K, reserved 1048576K
}
Event: 2.155 GC heap before
{Heap before GC invocations=9 (full 0):
 garbage-first heap   total 233472K, used 67090K [0x0000000702600000, 0x0000000800000000)
  region size 2048K, 11 young (22528K), 10 survivors (20480K)
 Metaspace       used 35638K, committed 37184K, reserved 1114112K
  class space    used 5163K, committed 5952K, reserved 1048576K
}
Event: 2.160 GC heap after
{Heap after GC invocations=10 (full 0):
 garbage-first heap   total 233472K, used 63288K [0x0000000702600000, 0x0000000800000000)
  region size 2048K, 1 young (2048K), 1 survivors (2048K)
 Metaspace       used 35638K, committed 37184K, reserved 1114112K
  class space    used 5163K, committed 5952K, reserved 1048576K
}
Event: 2.178 GC heap before
{Heap before GC invocations=10 (full 0):
 garbage-first heap   total 233472K, used 63288K [0x0000000702600000, 0x0000000800000000)
  region size 2048K, 3 young (6144K), 1 survivors (2048K)
 Metaspace       used 35982K, committed 37440K, reserved 1114112K
  class space    used 5220K, committed 6016K, reserved 1048576K
}

